<?xml version="1.0" encoding="UTF-8"?>
<!-- Generated by org.testng.reporters.JUnitReportReporter -->
<testsuite hostname="LAPTOP-5SL2JFF8" failures="0" tests="1" name="com.herokuapp.theinternet.NegativeTest" time="3.837" errors="0" timestamp="2023-09-07T01:13:33 CEST" skipped="0">
  <testcase classname="com.herokuapp.theinternet.NegativeTest" name="loginTest" time="3.837"/>
</testsuite> <!-- com.herokuapp.theinternet.NegativeTest -->
