<?xml version="1.0" encoding="UTF-8"?>
<!-- Generated by org.testng.reporters.JUnitReportReporter -->
<testsuite hostname="LAPTOP-5SL2JFF8" failures="0" tests="1" name="com.herokuapp.theinternet.NegativeTest" time="4.892" errors="0" timestamp="2023-09-08T21:56:07 CEST" skipped="0">
  <testcase classname="com.herokuapp.theinternet.NegativeTest" name="loginTest" time="4.892"/>
</testsuite> <!-- com.herokuapp.theinternet.NegativeTest -->
