<?xml version="1.0" encoding="UTF-8"?>
<!-- Generated by org.testng.reporters.JUnitReportReporter -->
<testsuite hostname="LAPTOP-5SL2JFF8" failures="0" tests="1" name="com.herokuapp.theinternet.PositiveTest" time="2.681" errors="0" timestamp="2023-09-07T01:13:33 CEST" skipped="0">
  <testcase classname="com.herokuapp.theinternet.PositiveTest" name="loginTest" time="2.681"/>
</testsuite> <!-- com.herokuapp.theinternet.PositiveTest -->
